[2025-04-02T18:54:11.782Z] Conta criada - Usuário ID: 1
[2025-04-02T19:15:55.208Z] Conta criada - Usuário ID: 2
[2025-04-02T19:15:55.359Z] Login bem-sucedido - Usuário: teste@email.com
[2025-04-02T19:15:55.447Z] Conta criada - Usuário ID: 3
[2025-04-02T19:15:55.851Z] Login bem-sucedido - Usuário: usuario@email.com
[2025-04-02T19:15:56.043Z] Conta excluída - Usuário ID: 3
[2025-04-02T19:20:12.784Z] Conta criada - Usuário ID: 4
[2025-04-02T19:20:56.378Z] Conta criada - Usuário ID: 5
[2025-04-02T19:33:46.672Z] Conta criada - Usuário ID: 6
[2025-04-02T19:35:06.068Z] Conta criada - Usuário ID: 7
[2025-04-02T19:36:52.778Z] Conta criada - Usuário ID: 8
[2025-04-02T19:37:56.102Z] Conta criada - Usuário ID: 9
[2025-04-02T19:40:54.175Z] Conta criada - Usuário ID: 10
[2025-04-02T19:48:39.173Z] Conta criada - Usuário ID: 11
[2025-04-02T21:59:02.014Z] Login bem-sucedido - Usuário: teste@email.com
[2025-04-02T21:59:02.091Z] Conta criada - Usuário ID: 12
[2025-04-02T21:59:02.310Z] Login bem-sucedido - Usuário: usuario@email.com
[2025-04-02T21:59:02.462Z] Conta excluída - Usuário ID: 12
[2025-04-02T22:47:04.230Z] Login bem-sucedido - Usuário: teste@email.com
[2025-04-02T22:47:42.616Z] Login bem-sucedido - Usuário: teste@email.com
[2025-04-02T22:59:29.799Z] Conta criada - Usuário ID: 13
[2025-04-02T23:01:41.282Z] Login bem-sucedido - Usuário: vasquesgabriel91@gmail.com
[2025-04-03T02:53:35.268Z] Conta criada - Usuário ID: undefined
[2025-04-03T02:54:12.529Z] Conta criada - Usuário ID: undefined
[2025-04-03T02:54:16.908Z] Conta criada - Usuário ID: undefined
[2025-04-03T02:54:17.394Z] Conta criada - Usuário ID: undefined
[2025-04-03T02:54:17.604Z] Conta criada - Usuário ID: undefined
[2025-04-03T02:54:17.722Z] Conta criada - Usuário ID: undefined
[2025-04-03T02:54:17.967Z] Conta criada - Usuário ID: undefined
[2025-04-03T02:54:18.074Z] Conta criada - Usuário ID: undefined
[2025-04-03T02:54:18.292Z] Conta criada - Usuário ID: undefined
[2025-04-03T02:54:18.396Z] Conta criada - Usuário ID: undefined
[2025-04-03T02:54:18.586Z] Conta criada - Usuário ID: undefined
[2025-04-03T02:54:18.882Z] Conta criada - Usuário ID: undefined
[2025-04-03T02:54:19.081Z] Conta criada - Usuário ID: undefined
[2025-04-03T02:54:19.289Z] Conta criada - Usuário ID: undefined
[2025-04-03T02:54:19.407Z] Conta criada - Usuário ID: undefined
[2025-04-03T02:54:19.608Z] Conta criada - Usuário ID: undefined
[2025-04-03T02:55:20.247Z] Conta criada - Usuário ID: null
[2025-04-03T02:55:50.816Z] Conta criada - Usuário ID: [object Object]
[2025-04-03T03:00:10.432Z] Conta criada - Usuário ID: [object Object]
[2025-04-03T03:00:12.119Z] Conta criada - Usuário ID: [object Object]
[2025-04-03T03:20:05.086Z] Conta criada - Usuário ID: 2
